2015/04/08 12:58:58 - System.InvalidCastException: Conversion from type 'DBNull' to type 'String' is not valid.
   at Microsoft.VisualBasic.CompilerServices.Conversions.ToString(Object Value)
   at Homework_13.modDatabaseUtilities.GetPlayerInformationFromDatabase(udtPlayerType& udtPlayer) in C:\Users\marqueae\Dropbox\Classes\IT - 102 - .Net Programming 2\Week_11\Homework\Homework_13\Modules\modDatabaseUtilities.vb:line 495

2015/04/08 12:59:33 - System.Data.OleDb.OleDbException (0x80040E14): Number of query values and destination fields are not the same.
   at System.Data.OleDb.OleDbCommand.ExecuteCommandTextErrorHandling(OleDbHResult hr)
   at System.Data.OleDb.OleDbCommand.ExecuteCommandTextForSingleResult(tagDBPARAMS dbParams, Object& executeResult)
   at System.Data.OleDb.OleDbCommand.ExecuteCommandText(Object& executeResult)
   at System.Data.OleDb.OleDbCommand.ExecuteCommand(CommandBehavior behavior, Object& executeResult)
   at System.Data.OleDb.OleDbCommand.ExecuteReaderInternal(CommandBehavior behavior, String method)
   at System.Data.OleDb.OleDbCommand.ExecuteNonQuery()
   at Homework_13.modDatabaseUtilities.AddPlayerToDatabase(udtPlayerType& udtPlayer) in C:\Users\marqueae\Dropbox\Classes\IT - 102 - .Net Programming 2\Week_11\Homework\Homework_13\Modules\modDatabaseUtilities.vb:line 395

2015/04/08 12:59:58 - System.InvalidCastException: Conversion from type 'DBNull' to type 'String' is not valid.
   at Microsoft.VisualBasic.CompilerServices.Conversions.ToString(Object Value)
   at Homework_13.modDatabaseUtilities.GetPlayerInformationFromDatabase(udtPlayerType& udtPlayer) in C:\Users\marqueae\Dropbox\Classes\IT - 102 - .Net Programming 2\Week_11\Homework\Homework_13\Modules\modDatabaseUtilities.vb:line 495

2015/04/08 15:39:36 - System.Data.OleDb.OleDbException (0x80004005): You must enter a value in the 'TPlayers.intStateID' field.
   at System.Data.OleDb.OleDbCommand.ExecuteCommandTextErrorHandling(OleDbHResult hr)
   at System.Data.OleDb.OleDbCommand.ExecuteCommandTextForSingleResult(tagDBPARAMS dbParams, Object& executeResult)
   at System.Data.OleDb.OleDbCommand.ExecuteCommandText(Object& executeResult)
   at System.Data.OleDb.OleDbCommand.ExecuteCommand(CommandBehavior behavior, Object& executeResult)
   at System.Data.OleDb.OleDbCommand.ExecuteReaderInternal(CommandBehavior behavior, String method)
   at System.Data.OleDb.OleDbCommand.ExecuteNonQuery()
   at Homework_13.modDatabaseUtilities.AddPlayerToDatabase(udtPlayerType& udtPlayer) in C:\Users\marqueae\Dropbox\Classes\IT - 102 - .Net Programming 2\Week_11\Homework\Homework_13\Modules\modDatabaseUtilities.vb:line 469

2015/04/08 15:46:57 - System.Data.OleDb.OleDbException (0x80004005): You must enter a value in the 'TPlayers.intStateID' field.
   at System.Data.OleDb.OleDbCommand.ExecuteCommandTextErrorHandling(OleDbHResult hr)
   at System.Data.OleDb.OleDbCommand.ExecuteCommandTextForSingleResult(tagDBPARAMS dbParams, Object& executeResult)
   at System.Data.OleDb.OleDbCommand.ExecuteCommandText(Object& executeResult)
   at System.Data.OleDb.OleDbCommand.ExecuteCommand(CommandBehavior behavior, Object& executeResult)
   at System.Data.OleDb.OleDbCommand.ExecuteReaderInternal(CommandBehavior behavior, String method)
   at System.Data.OleDb.OleDbCommand.ExecuteNonQuery()
   at Homework_13.modDatabaseUtilities.AddPlayerToDatabase(udtPlayerType& udtPlayer) in C:\Users\marqueae\Dropbox\Classes\IT - 102 - .Net Programming 2\Week_11\Homework\Homework_13\Modules\modDatabaseUtilities.vb:line 469

2015/04/08 15:57:53 - System.Data.OleDb.OleDbException (0x80040E14): Number of query values and destination fields are not the same.
   at System.Data.OleDb.OleDbCommand.ExecuteCommandTextErrorHandling(OleDbHResult hr)
   at System.Data.OleDb.OleDbCommand.ExecuteCommandTextForSingleResult(tagDBPARAMS dbParams, Object& executeResult)
   at System.Data.OleDb.OleDbCommand.ExecuteCommandText(Object& executeResult)
   at System.Data.OleDb.OleDbCommand.ExecuteCommand(CommandBehavior behavior, Object& executeResult)
   at System.Data.OleDb.OleDbCommand.ExecuteReaderInternal(CommandBehavior behavior, String method)
   at System.Data.OleDb.OleDbCommand.ExecuteNonQuery()
   at Homework_13.modDatabaseUtilities.AddPlayerToDatabase(udtPlayerType& udtPlayer) in C:\Users\marqueae\Dropbox\Classes\IT - 102 - .Net Programming 2\Week_11\Homework\Homework_13\Modules\modDatabaseUtilities.vb:line 470

2015/04/08 16:06:29 - System.Data.OleDb.OleDbException (0x80040E14): Number of query values and destination fields are not the same.
   at System.Data.OleDb.OleDbCommand.ExecuteCommandTextErrorHandling(OleDbHResult hr)
   at System.Data.OleDb.OleDbCommand.ExecuteCommandTextForSingleResult(tagDBPARAMS dbParams, Object& executeResult)
   at System.Data.OleDb.OleDbCommand.ExecuteCommandText(Object& executeResult)
   at System.Data.OleDb.OleDbCommand.ExecuteCommand(CommandBehavior behavior, Object& executeResult)
   at System.Data.OleDb.OleDbCommand.ExecuteReaderInternal(CommandBehavior behavior, String method)
   at System.Data.OleDb.OleDbCommand.ExecuteNonQuery()
   at Homework_13.modDatabaseUtilities.AddPlayerToDatabase(udtPlayerType& udtPlayer) in C:\Users\marqueae\Dropbox\Classes\IT - 102 - .Net Programming 2\Week_11\Homework\Homework_13\Modules\modDatabaseUtilities.vb:line 470

2015/04/08 16:08:03 - System.Data.OleDb.OleDbException (0x80040E14): Syntax error in INSERT INTO statement.
   at System.Data.OleDb.OleDbCommand.ExecuteCommandTextErrorHandling(OleDbHResult hr)
   at System.Data.OleDb.OleDbCommand.ExecuteCommandTextForSingleResult(tagDBPARAMS dbParams, Object& executeResult)
   at System.Data.OleDb.OleDbCommand.ExecuteCommandText(Object& executeResult)
   at System.Data.OleDb.OleDbCommand.ExecuteCommand(CommandBehavior behavior, Object& executeResult)
   at System.Data.OleDb.OleDbCommand.ExecuteReaderInternal(CommandBehavior behavior, String method)
   at System.Data.OleDb.OleDbCommand.ExecuteNonQuery()
   at Homework_13.modDatabaseUtilities.AddPlayerToDatabase(udtPlayerType& udtPlayer) in C:\Users\marqueae\Dropbox\Classes\IT - 102 - .Net Programming 2\Week_11\Homework\Homework_13\Modules\modDatabaseUtilities.vb:line 471

